[32m[0913 05:55:45 @logger.py:90][0m Argv: train.py
[32m[0913 05:55:53 @input_source.py:222][0m Setting up the queue 'QueueInput/input_queue' for CPU prefetching ...
[32m[0913 05:55:55 @model_utils.py:67][0m [36mList of Trainable Variables: 
[0mname                                  shape          #elements
------------------------------------  -----------  -----------
encode/encode_l1/V_encode_l1:0        [10, 5, 32]         1600
encode/encode_l1/g_encode_l1:0        [32]                  32
encode/encode_l1/b_encode_l1:0        [32]                  32
encode/batch_normalization/gamma:0    [32]                  32
encode/batch_normalization/beta:0     [32]                  32
encode/encode_l2/V_encode_l2:0        [3, 32, 8]           768
encode/encode_l2/g_encode_l2:0        [8]                    8
encode/encode_l2/b_encode_l2:0        [8]                    8
encode/batch_normalization_1/gamma:0  [8]                    8
encode/batch_normalization_1/beta:0   [8]                    8
encode/rnn/lstm_cell/kernel:0         [136, 512]         69632
encode/rnn/lstm_cell/bias:0           [512]                512
encode/w_encode_fc1:0                 [3840, 8]          30720
encode/b_encode_fc1:0                 [8]                    8
predict/fully_connected/weights:0     [128, 3]             384
predict/fully_connected/biases:0      [3]                    3
decode/w_decode_fc1:0                 [4, 240]             960
decode/b_decode_fc1:0                 [240]                240
decode/decode_l2/V_decode_l2:0        [3, 8, 32]           768
decode/decode_l2/g_decode_l2:0        [32]                  32
decode/decode_l2/b_decode_l2:0        [32]                  32
decode/batch_normalization/gamma:0    [32]                  32
decode/batch_normalization/beta:0     [32]                  32
decode/decode_l3/V_decode_l3:0        [10, 32, 5]         1600
decode/decode_l3/g_decode_l3:0        [5]                    5
decode/decode_l3/b_decode_l3:0        [5]                    5
decode/batch_normalization_1/gamma:0  [5]                    5
decode/batch_normalization_1/beta:0   [5]                    5[36m
Number of trainable variables: 28
Number of parameters (elements): 107503
Storage space needed for all trainable variables: 0.41MB[0m
[32m[0913 05:55:55 @base.py:209][0m Setup callbacks graph ...
[32m[0913 05:55:55 @summary.py:93][0m Summarizing collection 'summaries' of size 12.
[32m[0913 05:55:55 @inference_runner.py:149][0m [InferenceRunner] Building tower 'InferenceTower' on device /gpu:0 ...
[32m[0913 05:55:55 @collection.py:152][0m Size of these collections were changed in InferenceTower: (tf.GraphKeys.METRIC_VARIABLES: 2->4)
[32m[0913 05:55:55 @collection.py:165][0m These collections were modified but restored in InferenceTower: (tf.GraphKeys.SUMMARIES: 12->20)
[32m[0913 05:55:55 @summary.py:46][0m [MovingAverageSummary] 3 operations in collection 'MOVING_SUMMARY_OPS' will be run with session hooks.
[32m[0913 05:55:55 @summary.py:93][0m Summarizing collection 'summaries' of size 12.
[32m[0913 05:55:56 @base.py:230][0m Creating the session ...
[32m[0913 05:55:57 @base.py:236][0m Initializing the session ...
[32m[0913 05:55:57 @base.py:243][0m Graph Finalized.
[32m[0913 05:55:57 @concurrency.py:38][0m Starting EnqueueThread QueueInput/input_queue ...
[32m[0913 05:55:57 @inference_runner.py:96][0m [InferenceRunner] Will eval 345 iterations
[32m[0913 05:55:58 @base.py:275][0m Start Epoch 1 ...
[32m[0913 05:56:05 @base.py:285][0m Epoch 1 (global_step 5) finished, time:6.84 seconds.
[32m[0913 05:56:05 @saver.py:79][0m Model saved to train_log/train/model-5.
[32m[0913 05:56:10 @monitor.py:467][0m QueueInput/queue_size: 50
[32m[0913 05:56:10 @monitor.py:467][0m decode_1/check_recon_mu: -0.095443
[32m[0913 05:56:10 @monitor.py:467][0m decode_1/check_recon_norm: 0.16165
[32m[0913 05:56:10 @monitor.py:467][0m decode_1/check_recon_std: 0.039462
[32m[0913 05:56:10 @monitor.py:467][0m decode_1/log_likelihood_reconstructed: nan
[32m[0913 05:56:10 @monitor.py:467][0m decode_1/log_mse: 0.16184
[32m[0913 05:56:10 @monitor.py:467][0m decode_1/mse: 1.1757
[32m[0913 05:56:10 @monitor.py:467][0m encode_2/auto-corr-loss: -0.099471
[32m[0913 05:56:10 @monitor.py:467][0m encode_2/check_z_norm: 0.92406
[32m[0913 05:56:10 @monitor.py:467][0m encode_2/latent_loss: 0.041939
[32m[0913 05:56:10 @monitor.py:467][0m predict_trend/accuracy_: 0.47147
[32m[0913 05:56:10 @monitor.py:467][0m total-loss: 0.72057
[32m[0913 05:56:10 @monitor.py:467][0m val_precision: 0.50026
[32m[0913 05:56:10 @monitor.py:467][0m val_recall: 0.50026
[32m[0913 05:56:10 @monitor.py:467][0m validation_predict_trend/accuracy_: 0.4984
[32m[0913 05:56:10 @group.py:48][0m Callbacks took 5.771 sec in total. InferenceRunner: 5.73 seconds
[32m[0913 05:56:10 @base.py:275][0m Start Epoch 2 ...
[32m[0913 05:56:11 @base.py:285][0m Epoch 2 (global_step 10) finished, time:0.574 second.
[32m[0913 05:56:11 @saver.py:79][0m Model saved to train_log/train/model-10.
[32m[0913 05:56:17 @monitor.py:467][0m QueueInput/queue_size: 50
[32m[0913 05:56:17 @monitor.py:467][0m decode_1/check_recon_mu: -0.082195
[32m[0913 05:56:17 @monitor.py:467][0m decode_1/check_recon_norm: 0.14195
[32m[0913 05:56:17 @monitor.py:467][0m decode_1/check_recon_std: 0.029453
[32m[0913 05:56:17 @monitor.py:467][0m decode_1/log_likelihood_reconstructed: nan
[32m[0913 05:56:17 @monitor.py:467][0m decode_1/log_mse: -0.35869
[32m[0913 05:56:17 @monitor.py:467][0m decode_1/mse: 0.69859
[32m[0913 05:56:17 @monitor.py:467][0m encode_2/auto-corr-loss: -0.48668
[32m[0913 05:56:17 @monitor.py:467][0m encode_2/check_z_norm: 3.1485
[32m[0913 05:56:17 @monitor.py:467][0m encode_2/latent_loss: 0.027125
[32m[0913 05:56:17 @monitor.py:467][0m predict_trend/accuracy_: 0.48248
[32m[0913 05:56:17 @monitor.py:467][0m total-loss: -0.50061
[32m[0913 05:56:17 @monitor.py:467][0m val_precision: 0.49232
[32m[0913 05:56:17 @monitor.py:467][0m val_recall: 0.49232
[32m[0913 05:56:17 @monitor.py:467][0m validation_predict_trend/accuracy_: 0.49725
[32m[0913 05:56:17 @group.py:48][0m Callbacks took 5.694 sec in total. InferenceRunner: 5.69 seconds
[32m[0913 05:56:17 @base.py:275][0m Start Epoch 3 ...
[32m[0913 05:56:17 @base.py:285][0m Epoch 3 (global_step 15) finished, time:0.587 second.
[32m[0913 05:56:17 @saver.py:79][0m Model saved to train_log/train/model-15.
[32m[0913 05:56:23 @monitor.py:467][0m QueueInput/queue_size: 50
[32m[0913 05:56:23 @monitor.py:467][0m decode_1/check_recon_mu: -0.059137
[32m[0913 05:56:23 @monitor.py:467][0m decode_1/check_recon_norm: 0.12247
[32m[0913 05:56:23 @monitor.py:467][0m decode_1/check_recon_std: 0.022474
[32m[0913 05:56:23 @monitor.py:467][0m decode_1/log_likelihood_reconstructed: nan
[32m[0913 05:56:23 @monitor.py:467][0m decode_1/log_mse: 0.26678
[32m[0913 05:56:23 @monitor.py:467][0m decode_1/mse: 1.3057
[32m[0913 05:56:23 @monitor.py:467][0m encode_2/auto-corr-loss: -0.6954
[32m[0913 05:56:23 @monitor.py:467][0m encode_2/check_z_norm: 5.5112
[32m[0913 05:56:23 @monitor.py:467][0m encode_2/latent_loss: 0.030046
[32m[0913 05:56:23 @monitor.py:467][0m predict_trend/accuracy_: 0.48887
[32m[0913 05:56:23 @monitor.py:467][0m total-loss: 0.12482
[32m[0913 05:56:23 @monitor.py:467][0m val_precision: 0.50275
[32m[0913 05:56:23 @monitor.py:467][0m val_recall: 0.50275
[32m[0913 05:56:23 @monitor.py:467][0m validation_predict_trend/accuracy_: 0.49779
[32m[0913 05:56:23 @group.py:48][0m Callbacks took 5.569 sec in total. InferenceRunner: 5.56 seconds
[32m[0913 05:56:23 @base.py:275][0m Start Epoch 4 ...
[32m[0913 05:56:23 @base.py:285][0m Epoch 4 (global_step 20) finished, time:0.55 second.
[32m[0913 05:56:23 @saver.py:79][0m Model saved to train_log/train/model-20.
[32m[0913 05:56:29 @monitor.py:467][0m QueueInput/queue_size: 50
[32m[0913 05:56:29 @monitor.py:467][0m decode_1/check_recon_mu: -0.02573
[32m[0913 05:56:29 @monitor.py:467][0m decode_1/check_recon_norm: 0.1042
[32m[0913 05:56:29 @monitor.py:467][0m decode_1/check_recon_std: 0.017935
[32m[0913 05:56:29 @monitor.py:467][0m decode_1/log_likelihood_reconstructed: nan
[32m[0913 05:56:29 @monitor.py:467][0m decode_1/log_mse: 0.052496
[32m[0913 05:56:29 @monitor.py:467][0m decode_1/mse: 1.0539
[32m[0913 05:56:29 @monitor.py:467][0m encode_2/auto-corr-loss: -0.7974
[32m[0913 05:56:29 @monitor.py:467][0m encode_2/check_z_norm: 5.2349
[32m[0913 05:56:29 @monitor.py:467][0m encode_2/latent_loss: 0.023323
[32m[0913 05:56:29 @monitor.py:467][0m predict_trend/accuracy_: 0.49596
[32m[0913 05:56:29 @monitor.py:467][0m total-loss: -0.16194
[32m[0913 05:56:29 @monitor.py:467][0m val_precision: 0.49232
[32m[0913 05:56:29 @monitor.py:467][0m val_recall: 0.49232
[32m[0913 05:56:29 @monitor.py:467][0m validation_predict_trend/accuracy_: 0.49737
[32m[0913 05:56:29 @group.py:48][0m Callbacks took 5.433 sec in total. InferenceRunner: 5.43 seconds
[32m[0913 05:56:29 @base.py:275][0m Start Epoch 5 ...
[32m[0913 05:56:29 @base.py:285][0m Epoch 5 (global_step 25) finished, time:0.537 second.
[32m[0913 05:56:29 @saver.py:79][0m Model saved to train_log/train/model-25.
[32m[0913 05:56:35 @monitor.py:467][0m QueueInput/queue_size: 50
[32m[0913 05:56:35 @monitor.py:467][0m decode_1/check_recon_mu: -0.0067066
[32m[0913 05:56:35 @monitor.py:467][0m decode_1/check_recon_norm: 0.094953
[32m[0913 05:56:35 @monitor.py:467][0m decode_1/check_recon_std: 0.015064
[32m[0913 05:56:35 @monitor.py:467][0m decode_1/log_likelihood_reconstructed: nan
[32m[0913 05:56:35 @monitor.py:467][0m decode_1/log_mse: 0.078975
[32m[0913 05:56:35 @monitor.py:467][0m decode_1/mse: 1.0822
[32m[0913 05:56:35 @monitor.py:467][0m encode_2/auto-corr-loss: -0.85455
[32m[0913 05:56:35 @monitor.py:467][0m encode_2/check_z_norm: 4.5983
[32m[0913 05:56:35 @monitor.py:467][0m encode_2/latent_loss: 0.017925
[32m[0913 05:56:35 @monitor.py:467][0m predict_trend/accuracy_: 0.49907
[32m[0913 05:56:35 @monitor.py:467][0m total-loss: -0.13178
[32m[0913 05:56:35 @monitor.py:467][0m val_precision: 0.5022
[32m[0913 05:56:35 @monitor.py:467][0m val_recall: 0.5022
[32m[0913 05:56:35 @monitor.py:467][0m validation_predict_trend/accuracy_: 0.49762
[32m[0913 05:56:35 @group.py:48][0m Callbacks took 5.418 sec in total. InferenceRunner: 5.41 seconds
[32m[0913 05:56:35 @base.py:275][0m Start Epoch 6 ...
[32m[0913 05:56:35 @base.py:285][0m Epoch 6 (global_step 30) finished, time:0.544 second.
[32m[0913 05:56:35 @saver.py:79][0m Model saved to train_log/train/model-30.
[32m[0913 05:56:41 @monitor.py:467][0m QueueInput/queue_size: 50
[32m[0913 05:56:41 @monitor.py:467][0m decode_1/check_recon_mu: -0.00016252
[32m[0913 05:56:41 @monitor.py:467][0m decode_1/check_recon_norm: 0.092708
[32m[0913 05:56:41 @monitor.py:467][0m decode_1/check_recon_std: 0.014645
[32m[0913 05:56:41 @monitor.py:467][0m decode_1/log_likelihood_reconstructed: nan
[32m[0913 05:56:41 @monitor.py:467][0m decode_1/log_mse: -0.1231
[32m[0913 05:56:41 @monitor.py:467][0m decode_1/mse: 0.88417
[32m[0913 05:56:41 @monitor.py:467][0m encode_2/auto-corr-loss: -0.8908
[32m[0913 05:56:41 @monitor.py:467][0m encode_2/check_z_norm: 5.0836
[32m[0913 05:56:41 @monitor.py:467][0m encode_2/latent_loss: 0.013943
[32m[0913 05:56:41 @monitor.py:467][0m predict_trend/accuracy_: 0.50091
[32m[0913 05:56:41 @monitor.py:467][0m total-loss: -0.38103
[32m[0913 05:56:41 @monitor.py:467][0m val_precision: 0.49212
[32m[0913 05:56:41 @monitor.py:467][0m val_recall: 0.49212
[32m[0913 05:56:41 @monitor.py:467][0m validation_predict_trend/accuracy_: 0.49731
[32m[0913 05:56:41 @group.py:48][0m Callbacks took 5.411 sec in total. InferenceRunner: 5.41 seconds
[32m[0913 05:56:41 @base.py:275][0m Start Epoch 7 ...
[32m[0913 05:56:41 @base.py:285][0m Epoch 7 (global_step 35) finished, time:0.538 second.
[32m[0913 05:56:41 @saver.py:79][0m Model saved to train_log/train/model-35.
[32m[0913 05:56:47 @monitor.py:467][0m QueueInput/queue_size: 50
[32m[0913 05:56:47 @monitor.py:467][0m decode_1/check_recon_mu: 0.0074017
[32m[0913 05:56:47 @monitor.py:467][0m decode_1/check_recon_norm: 0.088516
[32m[0913 05:56:47 @monitor.py:467][0m decode_1/check_recon_std: 0.013388
[32m[0913 05:56:47 @monitor.py:467][0m decode_1/log_likelihood_reconstructed: nan
[32m[0913 05:56:47 @monitor.py:467][0m decode_1/log_mse: -0.18543
[32m[0913 05:56:47 @monitor.py:467][0m decode_1/mse: 0.83075
[32m[0913 05:56:47 @monitor.py:467][0m encode_2/auto-corr-loss: -0.91553
[32m[0913 05:56:47 @monitor.py:467][0m encode_2/check_z_norm: 5.7176
[32m[0913 05:56:47 @monitor.py:467][0m encode_2/latent_loss: 0.01114
[32m[0913 05:56:47 @monitor.py:467][0m predict_trend/accuracy_: 0.50162
[32m[0913 05:56:47 @monitor.py:467][0m total-loss: -0.37671
[32m[0913 05:56:47 @monitor.py:467][0m val_precision: 0.49232
[32m[0913 05:56:47 @monitor.py:467][0m val_recall: 0.49232
[32m[0913 05:56:47 @monitor.py:467][0m validation_predict_trend/accuracy_: 0.49651
[32m[0913 05:56:47 @group.py:48][0m Callbacks took 5.395 sec in total. InferenceRunner: 5.39 seconds
[32m[0913 05:56:47 @base.py:275][0m Start Epoch 8 ...
[32m[0913 05:56:47 @base.py:285][0m Epoch 8 (global_step 40) finished, time:0.542 second.
[32m[0913 05:56:47 @saver.py:79][0m Model saved to train_log/train/model-40.
[32m[0913 05:56:53 @monitor.py:467][0m QueueInput/queue_size: 50
[32m[0913 05:56:53 @monitor.py:467][0m decode_1/check_recon_mu: 0.0084359
[32m[0913 05:56:53 @monitor.py:467][0m decode_1/check_recon_norm: 0.082885
[32m[0913 05:56:53 @monitor.py:467][0m decode_1/check_recon_std: 0.011399
[32m[0913 05:56:53 @monitor.py:467][0m decode_1/log_likelihood_reconstructed: nan
[32m[0913 05:56:53 @monitor.py:467][0m decode_1/log_mse: 0.18629
[32m[0913 05:56:53 @monitor.py:467][0m decode_1/mse: 1.2048
[32m[0913 05:56:53 @monitor.py:467][0m encode_2/auto-corr-loss: -0.93409
[32m[0913 05:56:53 @monitor.py:467][0m encode_2/check_z_norm: 6.1621
[32m[0913 05:56:53 @monitor.py:467][0m encode_2/latent_loss: 0.0088863
[32m[0913 05:56:53 @monitor.py:467][0m predict_trend/accuracy_: 0.4998
[32m[0913 05:56:53 @monitor.py:467][0m total-loss: -0.069718
[32m[0913 05:56:53 @monitor.py:467][0m val_precision: 0.50275
[32m[0913 05:56:53 @monitor.py:467][0m val_recall: 0.50275
[32m[0913 05:56:53 @monitor.py:467][0m validation_predict_trend/accuracy_: 0.49684
[32m[0913 05:56:53 @group.py:48][0m Callbacks took 5.438 sec in total. InferenceRunner: 5.43 seconds
[32m[0913 05:56:53 @base.py:275][0m Start Epoch 9 ...
[32m[0913 05:56:53 @base.py:285][0m Epoch 9 (global_step 45) finished, time:0.541 second.
[32m[0913 05:56:53 @saver.py:79][0m Model saved to train_log/train/model-45.
[32m[0913 05:56:59 @monitor.py:467][0m QueueInput/queue_size: 50
[32m[0913 05:56:59 @monitor.py:467][0m decode_1/check_recon_mu: -0.012502
[32m[0913 05:56:59 @monitor.py:467][0m decode_1/check_recon_norm: 0.077085
[32m[0913 05:56:59 @monitor.py:467][0m decode_1/check_recon_std: 0.0096186
[32m[0913 05:56:59 @monitor.py:467][0m decode_1/log_likelihood_reconstructed: nan
[32m[0913 05:56:59 @monitor.py:467][0m decode_1/log_mse: -0.17986
[32m[0913 05:56:59 @monitor.py:467][0m decode_1/mse: 0.83539
[32m[0913 05:56:59 @monitor.py:467][0m encode_2/auto-corr-loss: -0.94782
[32m[0913 05:56:59 @monitor.py:467][0m encode_2/check_z_norm: 6.778
[32m[0913 05:56:59 @monitor.py:467][0m encode_2/latent_loss: 0.0070733
[32m[0913 05:56:59 @monitor.py:467][0m predict_trend/accuracy_: 0.49909
[32m[0913 05:56:59 @monitor.py:467][0m total-loss: -0.41769
[32m[0913 05:56:59 @monitor.py:467][0m val_precision: 0.49232
[32m[0913 05:56:59 @monitor.py:467][0m val_recall: 0.49232
[32m[0913 05:56:59 @monitor.py:467][0m validation_predict_trend/accuracy_: 0.49675
[32m[0913 05:56:59 @group.py:48][0m Callbacks took 5.589 sec in total. InferenceRunner: 5.58 seconds
[32m[0913 05:56:59 @base.py:275][0m Start Epoch 10 ...
[32m[0913 05:56:59 @base.py:285][0m Epoch 10 (global_step 50) finished, time:0.539 second.
[32m[0913 05:56:59 @saver.py:79][0m Model saved to train_log/train/model-50.
[32m[0913 05:57:05 @monitor.py:467][0m QueueInput/queue_size: 50
[32m[0913 05:57:05 @monitor.py:467][0m decode_1/check_recon_mu: -0.018386
[32m[0913 05:57:05 @monitor.py:467][0m decode_1/check_recon_norm: 0.075448
[32m[0913 05:57:05 @monitor.py:467][0m decode_1/check_recon_std: 0.0090874
[32m[0913 05:57:05 @monitor.py:467][0m decode_1/log_likelihood_reconstructed: nan
[32m[0913 05:57:05 @monitor.py:467][0m decode_1/log_mse: -0.18995
[32m[0913 05:57:05 @monitor.py:467][0m decode_1/mse: 0.827
[32m[0913 05:57:05 @monitor.py:467][0m encode_2/auto-corr-loss: -0.95814
[32m[0913 05:57:05 @monitor.py:467][0m encode_2/check_z_norm: 7.0308
[32m[0913 05:57:05 @monitor.py:467][0m encode_2/latent_loss: 0.0056881
[32m[0913 05:57:05 @monitor.py:467][0m predict_trend/accuracy_: 0.4987
[32m[0913 05:57:05 @monitor.py:467][0m total-loss: -0.45977
[32m[0913 05:57:05 @monitor.py:467][0m val_precision: 0.50267
[32m[0913 05:57:05 @monitor.py:467][0m val_recall: 0.50267
[32m[0913 05:57:05 @monitor.py:467][0m validation_predict_trend/accuracy_: 0.49698
[32m[0913 05:57:05 @group.py:48][0m Callbacks took 5.439 sec in total. InferenceRunner: 5.43 seconds
[32m[0913 05:57:05 @base.py:275][0m Start Epoch 11 ...
[32m[0913 05:57:05 @base.py:285][0m Epoch 11 (global_step 55) finished, time:0.543 second.
[32m[0913 05:57:05 @saver.py:79][0m Model saved to train_log/train/model-55.
[32m[0913 05:57:11 @monitor.py:467][0m QueueInput/queue_size: 50
[32m[0913 05:57:11 @monitor.py:467][0m decode_1/check_recon_mu: -0.010666
[32m[0913 05:57:11 @monitor.py:467][0m decode_1/check_recon_norm: 0.070578
[32m[0913 05:57:11 @monitor.py:467][0m decode_1/check_recon_std: 0.0082249
[32m[0913 05:57:11 @monitor.py:467][0m decode_1/log_likelihood_reconstructed: nan
[32m[0913 05:57:11 @monitor.py:467][0m decode_1/log_mse: 0.0075283
[32m[0913 05:57:11 @monitor.py:467][0m decode_1/mse: 1.0076
[32m[0913 05:57:11 @monitor.py:467][0m encode_2/auto-corr-loss: -0.96578
[32m[0913 05:57:11 @monitor.py:467][0m encode_2/check_z_norm: 6.968
[32m[0913 05:57:11 @monitor.py:467][0m encode_2/latent_loss: 0.0045591
[32m[0913 05:57:11 @monitor.py:467][0m predict_trend/accuracy_: 0.49812
[32m[0913 05:57:11 @monitor.py:467][0m total-loss: -0.25405
[32m[0913 05:57:11 @monitor.py:467][0m val_precision: 0.49238
[32m[0913 05:57:11 @monitor.py:467][0m val_recall: 0.49238
[32m[0913 05:57:11 @monitor.py:467][0m validation_predict_trend/accuracy_: 0.4969
[32m[0913 05:57:11 @group.py:48][0m Callbacks took 5.456 sec in total. InferenceRunner: 5.45 seconds
[32m[0913 05:57:11 @base.py:275][0m Start Epoch 12 ...
[32m[0913 05:57:11 @base.py:285][0m Epoch 12 (global_step 60) finished, time:0.547 second.
[32m[0913 05:57:11 @saver.py:79][0m Model saved to train_log/train/model-60.
[32m[0913 05:57:17 @monitor.py:467][0m QueueInput/queue_size: 50
[32m[0913 05:57:17 @monitor.py:467][0m decode_1/check_recon_mu: -0.00015812
[32m[0913 05:57:17 @monitor.py:467][0m decode_1/check_recon_norm: 0.068515
[32m[0913 05:57:17 @monitor.py:467][0m decode_1/check_recon_std: 0.0078205
[32m[0913 05:57:17 @monitor.py:467][0m decode_1/log_likelihood_reconstructed: nan
[32m[0913 05:57:17 @monitor.py:467][0m decode_1/log_mse: -0.021802
[32m[0913 05:57:17 @monitor.py:467][0m decode_1/mse: 0.97843
[32m[0913 05:57:17 @monitor.py:467][0m encode_2/auto-corr-loss: -0.9717
[32m[0913 05:57:17 @monitor.py:467][0m encode_2/check_z_norm: 7.0673
[32m[0913 05:57:17 @monitor.py:467][0m encode_2/latent_loss: 0.0037618
[32m[0913 05:57:17 @monitor.py:467][0m predict_trend/accuracy_: 0.49707
[32m[0913 05:57:17 @monitor.py:467][0m total-loss: -0.25764
[32m[0913 05:57:17 @monitor.py:467][0m val_precision: 0.49261
[32m[0913 05:57:17 @monitor.py:467][0m val_recall: 0.49261
[32m[0913 05:57:17 @monitor.py:467][0m validation_predict_trend/accuracy_: 0.49651
[32m[0913 05:57:17 @group.py:48][0m Callbacks took 5.439 sec in total. InferenceRunner: 5.43 seconds
[32m[0913 05:57:17 @base.py:275][0m Start Epoch 13 ...
[32m[0913 05:57:17 @base.py:285][0m Epoch 13 (global_step 65) finished, time:0.539 second.
[32m[0913 05:57:17 @saver.py:79][0m Model saved to train_log/train/model-65.
[32m[0913 05:57:23 @monitor.py:467][0m QueueInput/queue_size: 50
[32m[0913 05:57:23 @monitor.py:467][0m decode_1/check_recon_mu: 0.0090526
[32m[0913 05:57:23 @monitor.py:467][0m decode_1/check_recon_norm: 0.067205
[32m[0913 05:57:23 @monitor.py:467][0m decode_1/check_recon_std: 0.0075043
[32m[0913 05:57:23 @monitor.py:467][0m decode_1/log_likelihood_reconstructed: nan
[32m[0913 05:57:23 @monitor.py:467][0m decode_1/log_mse: -0.15894
[32m[0913 05:57:23 @monitor.py:467][0m decode_1/mse: 0.85304
[32m[0913 05:57:23 @monitor.py:467][0m encode_2/auto-corr-loss: -0.97607
[32m[0913 05:57:23 @monitor.py:467][0m encode_2/check_z_norm: 7.2916
[32m[0913 05:57:23 @monitor.py:467][0m encode_2/latent_loss: 0.0030585
[32m[0913 05:57:23 @monitor.py:467][0m predict_trend/accuracy_: 0.49661
[32m[0913 05:57:23 @monitor.py:467][0m total-loss: -0.34513
[32m[0913 05:57:23 @monitor.py:467][0m val_precision: 0.50275
[32m[0913 05:57:23 @monitor.py:467][0m val_recall: 0.50275
[32m[0913 05:57:23 @monitor.py:467][0m validation_predict_trend/accuracy_: 0.49672
[32m[0913 05:57:23 @group.py:48][0m Callbacks took 5.436 sec in total. InferenceRunner: 5.43 seconds
[32m[0913 05:57:23 @base.py:275][0m Start Epoch 14 ...
[32m[0913 05:57:23 @base.py:285][0m Epoch 14 (global_step 70) finished, time:0.545 second.
[32m[0913 05:57:23 @saver.py:79][0m Model saved to train_log/train/model-70.
[32m[0913 05:57:29 @monitor.py:467][0m QueueInput/queue_size: 50
[32m[0913 05:57:29 @monitor.py:467][0m decode_1/check_recon_mu: 0.0078361
[32m[0913 05:57:29 @monitor.py:467][0m decode_1/check_recon_norm: 0.065455
[32m[0913 05:57:29 @monitor.py:467][0m decode_1/check_recon_std: 0.0070644
[32m[0913 05:57:29 @monitor.py:467][0m decode_1/log_likelihood_reconstructed: nan
[32m[0913 05:57:29 @monitor.py:467][0m decode_1/log_mse: 0.1724
[32m[0913 05:57:29 @monitor.py:467][0m decode_1/mse: 1.1882
[32m[0913 05:57:29 @monitor.py:467][0m encode_2/auto-corr-loss: -0.97962
[32m[0913 05:57:29 @monitor.py:467][0m encode_2/check_z_norm: 7.6351
[32m[0913 05:57:29 @monitor.py:467][0m encode_2/latent_loss: 0.0025518
[32m[0913 05:57:29 @monitor.py:467][0m predict_trend/accuracy_: 0.49632
[32m[0913 05:57:29 @monitor.py:467][0m total-loss: -0.099874
[32m[0913 05:57:29 @monitor.py:467][0m val_precision: 0.49238
[32m[0913 05:57:29 @monitor.py:467][0m val_recall: 0.49238
[32m[0913 05:57:29 @monitor.py:467][0m validation_predict_trend/accuracy_: 0.49668
[32m[0913 05:57:29 @group.py:48][0m Callbacks took 5.448 sec in total. InferenceRunner: 5.44 seconds
[32m[0913 05:57:29 @base.py:275][0m Start Epoch 15 ...
[32m[0913 05:57:29 @base.py:285][0m Epoch 15 (global_step 75) finished, time:0.543 second.
[32m[0913 05:57:29 @saver.py:79][0m Model saved to train_log/train/model-75.
[32m[0913 05:57:35 @monitor.py:467][0m QueueInput/queue_size: 50
[32m[0913 05:57:35 @monitor.py:467][0m decode_1/check_recon_mu: -0.003743
[32m[0913 05:57:35 @monitor.py:467][0m decode_1/check_recon_norm: 0.062589
[32m[0913 05:57:35 @monitor.py:467][0m decode_1/check_recon_std: 0.0064639
[32m[0913 05:57:35 @monitor.py:467][0m decode_1/log_likelihood_reconstructed: nan
[32m[0913 05:57:35 @monitor.py:467][0m decode_1/log_mse: 0.10714
[32m[0913 05:57:35 @monitor.py:467][0m decode_1/mse: 1.1131
[32m[0913 05:57:35 @monitor.py:467][0m encode_2/auto-corr-loss: -0.98266
[32m[0913 05:57:35 @monitor.py:467][0m encode_2/check_z_norm: 8.1738
[32m[0913 05:57:35 @monitor.py:467][0m encode_2/latent_loss: 0.0021703
[32m[0913 05:57:35 @monitor.py:467][0m predict_trend/accuracy_: 0.49623
[32m[0913 05:57:35 @monitor.py:467][0m total-loss: -0.1939
[32m[0913 05:57:35 @monitor.py:467][0m val_precision: 0.49232
[32m[0913 05:57:35 @monitor.py:467][0m val_recall: 0.49232
[32m[0913 05:57:35 @monitor.py:467][0m validation_predict_trend/accuracy_: 0.49638
[32m[0913 05:57:35 @group.py:48][0m Callbacks took 5.424 sec in total. InferenceRunner: 5.42 seconds
[32m[0913 05:57:35 @base.py:275][0m Start Epoch 16 ...
[32m[0913 05:57:35 @base.py:285][0m Epoch 16 (global_step 80) finished, time:0.542 second.
[32m[0913 05:57:35 @saver.py:79][0m Model saved to train_log/train/model-80.
[32m[0913 05:57:41 @monitor.py:467][0m QueueInput/queue_size: 50
[32m[0913 05:57:41 @monitor.py:467][0m decode_1/check_recon_mu: -0.010923
[32m[0913 05:57:41 @monitor.py:467][0m decode_1/check_recon_norm: 0.06063
[32m[0913 05:57:41 @monitor.py:467][0m decode_1/check_recon_std: 0.0059126
[32m[0913 05:57:41 @monitor.py:467][0m decode_1/log_likelihood_reconstructed: nan
[32m[0913 05:57:41 @monitor.py:467][0m decode_1/log_mse: -0.010613
[32m[0913 05:57:41 @monitor.py:467][0m decode_1/mse: 0.98944
[32m[0913 05:57:41 @monitor.py:467][0m encode_2/auto-corr-loss: -0.98495
[32m[0913 05:57:41 @monitor.py:467][0m encode_2/check_z_norm: 8.376
[32m[0913 05:57:41 @monitor.py:467][0m encode_2/latent_loss: 0.0018003
[32m[0913 05:57:41 @monitor.py:467][0m predict_trend/accuracy_: 0.49615
[32m[0913 05:57:41 @monitor.py:467][0m total-loss: -0.27771
[32m[0913 05:57:41 @monitor.py:467][0m val_precision: 0.50275
[32m[0913 05:57:41 @monitor.py:467][0m val_recall: 0.50275
[32m[0913 05:57:41 @monitor.py:467][0m validation_predict_trend/accuracy_: 0.49655
[32m[0913 05:57:41 @group.py:48][0m Callbacks took 5.471 sec in total. InferenceRunner: 5.46 seconds
[32m[0913 05:57:41 @base.py:275][0m Start Epoch 17 ...
[32m[0913 05:57:41 @base.py:285][0m Epoch 17 (global_step 85) finished, time:0.548 second.
[32m[0913 05:57:41 @saver.py:79][0m Model saved to train_log/train/model-85.
[32m[0913 05:57:47 @monitor.py:467][0m QueueInput/queue_size: 50
[32m[0913 05:57:47 @monitor.py:467][0m decode_1/check_recon_mu: -0.012191
[32m[0913 05:57:47 @monitor.py:467][0m decode_1/check_recon_norm: 0.059093
[32m[0913 05:57:47 @monitor.py:467][0m decode_1/check_recon_std: 0.0056267
[32m[0913 05:57:47 @monitor.py:467][0m decode_1/log_likelihood_reconstructed: nan
[32m[0913 05:57:47 @monitor.py:467][0m decode_1/log_mse: 0.23974
[32m[0913 05:57:47 @monitor.py:467][0m decode_1/mse: 1.2709
[32m[0913 05:57:47 @monitor.py:467][0m encode_2/auto-corr-loss: -0.9868
[32m[0913 05:57:47 @monitor.py:467][0m encode_2/check_z_norm: 8.7074
[32m[0913 05:57:47 @monitor.py:467][0m encode_2/latent_loss: 0.0015241
[32m[0913 05:57:47 @monitor.py:467][0m predict_trend/accuracy_: 0.49624
[32m[0913 05:57:47 @monitor.py:467][0m total-loss: -0.057402
[32m[0913 05:57:47 @monitor.py:467][0m val_precision: 0.49232
[32m[0913 05:57:47 @monitor.py:467][0m val_recall: 0.49232
[32m[0913 05:57:47 @monitor.py:467][0m validation_predict_trend/accuracy_: 0.49652
[32m[0913 05:57:47 @group.py:48][0m Callbacks took 5.591 sec in total. InferenceRunner: 5.58 seconds
[32m[0913 05:57:47 @base.py:275][0m Start Epoch 18 ...
[32m[0913 05:57:47 @base.py:285][0m Epoch 18 (global_step 90) finished, time:0.55 second.
[32m[0913 05:57:47 @saver.py:79][0m Model saved to train_log/train/model-90.
[32m[0913 05:57:53 @monitor.py:467][0m QueueInput/queue_size: 50
[32m[0913 05:57:53 @monitor.py:467][0m decode_1/check_recon_mu: -0.020869
[32m[0913 05:57:53 @monitor.py:467][0m decode_1/check_recon_norm: 0.058642
[32m[0913 05:57:53 @monitor.py:467][0m decode_1/check_recon_std: 0.0052365
[32m[0913 05:57:53 @monitor.py:467][0m decode_1/log_likelihood_reconstructed: nan
[32m[0913 05:57:53 @monitor.py:467][0m decode_1/log_mse: -0.20585
[32m[0913 05:57:53 @monitor.py:467][0m decode_1/mse: 0.81396
[32m[0913 05:57:53 @monitor.py:467][0m encode_2/auto-corr-loss: -0.9883
[32m[0913 05:57:53 @monitor.py:467][0m encode_2/check_z_norm: 8.6527
[32m[0913 05:57:53 @monitor.py:467][0m encode_2/latent_loss: 0.0013253
[32m[0913 05:57:53 @monitor.py:467][0m predict_trend/accuracy_: 0.49647
[32m[0913 05:57:53 @monitor.py:467][0m total-loss: -0.47436
[32m[0913 05:57:53 @monitor.py:467][0m val_precision: 0.49267
[32m[0913 05:57:53 @monitor.py:467][0m val_recall: 0.49267
[32m[0913 05:57:53 @monitor.py:467][0m validation_predict_trend/accuracy_: 0.49628
[32m[0913 05:57:53 @group.py:48][0m Callbacks took 5.537 sec in total. InferenceRunner: 5.53 seconds
[32m[0913 05:57:53 @base.py:275][0m Start Epoch 19 ...
[32m[0913 05:57:53 @base.py:285][0m Epoch 19 (global_step 95) finished, time:0.633 second.
[32m[0913 05:57:53 @saver.py:79][0m Model saved to train_log/train/model-95.
[32m[0913 05:57:59 @monitor.py:467][0m QueueInput/queue_size: 50
[32m[0913 05:57:59 @monitor.py:467][0m decode_1/check_recon_mu: -0.016382
[32m[0913 05:57:59 @monitor.py:467][0m decode_1/check_recon_norm: 0.05677
[32m[0913 05:57:59 @monitor.py:467][0m decode_1/check_recon_std: 0.0050379
[32m[0913 05:57:59 @monitor.py:467][0m decode_1/log_likelihood_reconstructed: nan
[32m[0913 05:57:59 @monitor.py:467][0m decode_1/log_mse: -0.29224
[32m[0913 05:57:59 @monitor.py:467][0m decode_1/mse: 0.74659
[32m[0913 05:57:59 @monitor.py:467][0m encode_2/auto-corr-loss: -0.98958
[32m[0913 05:57:59 @monitor.py:467][0m encode_2/check_z_norm: 8.6472
[32m[0913 05:57:59 @monitor.py:467][0m encode_2/latent_loss: 0.0011387
[32m[0913 05:57:59 @monitor.py:467][0m predict_trend/accuracy_: 0.49674
[32m[0913 05:57:59 @monitor.py:467][0m total-loss: -0.53817
[32m[0913 05:57:59 @monitor.py:467][0m val_precision: 0.50299
[32m[0913 05:57:59 @monitor.py:467][0m val_recall: 0.50299
[32m[0913 05:57:59 @monitor.py:467][0m validation_predict_trend/accuracy_: 0.49645
[32m[0913 05:57:59 @group.py:48][0m Callbacks took 5.585 sec in total. InferenceRunner: 5.58 seconds
[32m[0913 05:57:59 @base.py:275][0m Start Epoch 20 ...
[32m[0913 05:58:00 @base.py:285][0m Epoch 20 (global_step 100) finished, time:0.55 second.
[32m[0913 05:58:00 @saver.py:79][0m Model saved to train_log/train/model-100.
[32m[0913 05:58:05 @monitor.py:467][0m QueueInput/queue_size: 50
[32m[0913 05:58:05 @monitor.py:467][0m decode_1/check_recon_mu: -0.0089537
[32m[0913 05:58:05 @monitor.py:467][0m decode_1/check_recon_norm: 0.054534
[32m[0913 05:58:05 @monitor.py:467][0m decode_1/check_recon_std: 0.0048816
[32m[0913 05:58:05 @monitor.py:467][0m decode_1/log_likelihood_reconstructed: nan
[32m[0913 05:58:05 @monitor.py:467][0m decode_1/log_mse: -0.14175
[32m[0913 05:58:05 @monitor.py:467][0m decode_1/mse: 0.86784
[32m[0913 05:58:05 @monitor.py:467][0m encode_2/auto-corr-loss: -0.99046
[32m[0913 05:58:05 @monitor.py:467][0m encode_2/check_z_norm: 8.8131
[32m[0913 05:58:05 @monitor.py:467][0m encode_2/latent_loss: 0.00099668
[32m[0913 05:58:05 @monitor.py:467][0m predict_trend/accuracy_: 0.49706
[32m[0913 05:58:05 @monitor.py:467][0m total-loss: -0.42488
[32m[0913 05:58:05 @monitor.py:467][0m val_precision: 0.49241
[32m[0913 05:58:05 @monitor.py:467][0m val_recall: 0.49241
[32m[0913 05:58:05 @monitor.py:467][0m validation_predict_trend/accuracy_: 0.49644
[32m[0913 05:58:05 @group.py:48][0m Callbacks took 5.536 sec in total. InferenceRunner: 5.53 seconds
[32m[0913 05:58:05 @base.py:275][0m Start Epoch 21 ...
[32m[0913 05:58:06 @base.py:285][0m Epoch 21 (global_step 105) finished, time:0.545 second.
[32m[0913 05:58:06 @saver.py:79][0m Model saved to train_log/train/model-105.
[32m[0913 05:58:11 @monitor.py:467][0m QueueInput/queue_size: 50
[32m[0913 05:58:11 @monitor.py:467][0m decode_1/check_recon_mu: -0.0032805
[32m[0913 05:58:11 @monitor.py:467][0m decode_1/check_recon_norm: 0.053155
[32m[0913 05:58:11 @monitor.py:467][0m decode_1/check_recon_std: 0.0046539
[32m[0913 05:58:11 @monitor.py:467][0m decode_1/log_likelihood_reconstructed: nan
[32m[0913 05:58:11 @monitor.py:467][0m decode_1/log_mse: 0.33292
[32m[0913 05:58:11 @monitor.py:467][0m decode_1/mse: 1.395
[32m[0913 05:58:11 @monitor.py:467][0m encode_2/auto-corr-loss: -0.9912
[32m[0913 05:58:11 @monitor.py:467][0m encode_2/check_z_norm: 9.0064
[32m[0913 05:58:11 @monitor.py:467][0m encode_2/latent_loss: 0.00087264
[32m[0913 05:58:11 @monitor.py:467][0m predict_trend/accuracy_: 0.49731
[32m[0913 05:58:11 @monitor.py:467][0m total-loss: 0.052402
[32m[0913 05:58:11 @monitor.py:467][0m val_precision: 0.49232
[32m[0913 05:58:11 @monitor.py:467][0m val_recall: 0.49232
[32m[0913 05:58:11 @monitor.py:467][0m validation_predict_trend/accuracy_: 0.49624
[32m[0913 05:58:11 @group.py:48][0m Callbacks took 5.588 sec in total. InferenceRunner: 5.58 seconds
[32m[0913 05:58:11 @base.py:275][0m Start Epoch 22 ...
[32m[0913 05:58:12 @base.py:285][0m Epoch 22 (global_step 110) finished, time:0.633 second.
[32m[0913 05:58:12 @saver.py:79][0m Model saved to train_log/train/model-110.
[32m[0913 05:58:17 @monitor.py:467][0m QueueInput/queue_size: 50
[32m[0913 05:58:17 @monitor.py:467][0m decode_1/check_recon_mu: -0.005984
[32m[0913 05:58:17 @monitor.py:467][0m decode_1/check_recon_norm: 0.051772
[32m[0913 05:58:17 @monitor.py:467][0m decode_1/check_recon_std: 0.0043532
[32m[0913 05:58:17 @monitor.py:467][0m decode_1/log_likelihood_reconstructed: nan
[32m[0913 05:58:17 @monitor.py:467][0m decode_1/log_mse: -0.17824
[32m[0913 05:58:17 @monitor.py:467][0m decode_1/mse: 0.83674
[32m[0913 05:58:17 @monitor.py:467][0m encode_2/auto-corr-loss: -0.99187
[32m[0913 05:58:17 @monitor.py:467][0m encode_2/check_z_norm: 9.1101
[32m[0913 05:58:17 @monitor.py:467][0m encode_2/latent_loss: 0.0007629
[32m[0913 05:58:17 @monitor.py:467][0m predict_trend/accuracy_: 0.49766
[32m[0913 05:58:17 @monitor.py:467][0m total-loss: -0.48699
[32m[0913 05:58:17 @monitor.py:467][0m val_precision: 0.50267
[32m[0913 05:58:17 @monitor.py:467][0m val_recall: 0.50267
[32m[0913 05:58:17 @monitor.py:467][0m validation_predict_trend/accuracy_: 0.49637
[32m[0913 05:58:17 @group.py:48][0m Callbacks took 5.523 sec in total. InferenceRunner: 5.51 seconds
[32m[0913 05:58:17 @base.py:275][0m Start Epoch 23 ...
[32m[0913 05:58:18 @base.py:285][0m Epoch 23 (global_step 115) finished, time:0.534 second.
[32m[0913 05:58:18 @saver.py:79][0m Model saved to train_log/train/model-115.
[32m[0913 05:58:23 @monitor.py:467][0m QueueInput/queue_size: 50
[32m[0913 05:58:23 @monitor.py:467][0m decode_1/check_recon_mu: -0.013374
[32m[0913 05:58:23 @monitor.py:467][0m decode_1/check_recon_norm: 0.050853
[32m[0913 05:58:23 @monitor.py:467][0m decode_1/check_recon_std: 0.0041373
[32m[0913 05:58:23 @monitor.py:467][0m decode_1/log_likelihood_reconstructed: nan
[32m[0913 05:58:23 @monitor.py:467][0m decode_1/log_mse: 0.28769
[32m[0913 05:58:23 @monitor.py:467][0m decode_1/mse: 1.3333
[32m[0913 05:58:23 @monitor.py:467][0m encode_2/auto-corr-loss: -0.99238
[32m[0913 05:58:23 @monitor.py:467][0m encode_2/check_z_norm: 9.2537
[32m[0913 05:58:23 @monitor.py:467][0m encode_2/latent_loss: 0.00067933
[32m[0913 05:58:23 @monitor.py:467][0m predict_trend/accuracy_: 0.49826
[32m[0913 05:58:23 @monitor.py:467][0m total-loss: -0.014462
[32m[0913 05:58:23 @monitor.py:467][0m val_precision: 0.50275
[32m[0913 05:58:23 @monitor.py:467][0m val_recall: 0.50275
[32m[0913 05:58:23 @monitor.py:467][0m validation_predict_trend/accuracy_: 0.49665
[32m[0913 05:58:23 @group.py:48][0m Callbacks took 5.428 sec in total. InferenceRunner: 5.42 seconds
[32m[0913 05:58:23 @base.py:275][0m Start Epoch 24 ...
[32m[0913 05:58:24 @base.py:285][0m Epoch 24 (global_step 120) finished, time:0.54 second.
[32m[0913 05:58:24 @saver.py:79][0m Model saved to train_log/train/model-120.
[32m[0913 05:58:29 @monitor.py:467][0m QueueInput/queue_size: 50
[32m[0913 05:58:29 @monitor.py:467][0m decode_1/check_recon_mu: -0.013873
[32m[0913 05:58:29 @monitor.py:467][0m decode_1/check_recon_norm: 0.050813
[32m[0913 05:58:29 @monitor.py:467][0m decode_1/check_recon_std: 0.0040921
[32m[0913 05:58:29 @monitor.py:467][0m decode_1/log_likelihood_reconstructed: nan
[32m[0913 05:58:29 @monitor.py:467][0m decode_1/log_mse: -0.35289
[32m[0913 05:58:29 @monitor.py:467][0m decode_1/mse: 0.70266
[32m[0913 05:58:29 @monitor.py:467][0m encode_2/auto-corr-loss: -0.99285
[32m[0913 05:58:29 @monitor.py:467][0m encode_2/check_z_norm: 9.4102
[32m[0913 05:58:29 @monitor.py:467][0m encode_2/latent_loss: 0.00060361
[32m[0913 05:58:29 @monitor.py:467][0m predict_trend/accuracy_: 0.49875
[32m[0913 05:58:29 @monitor.py:467][0m total-loss: -0.65365
[32m[0913 05:58:29 @monitor.py:467][0m val_precision: 0.50275
[32m[0913 05:58:29 @monitor.py:467][0m val_recall: 0.50275
[32m[0913 05:58:29 @monitor.py:467][0m validation_predict_trend/accuracy_: 0.49691
[32m[0913 05:58:29 @group.py:48][0m Callbacks took 5.427 sec in total. InferenceRunner: 5.42 seconds
[32m[0913 05:58:29 @base.py:275][0m Start Epoch 25 ...
[32m[0913 05:58:30 @base.py:285][0m Epoch 25 (global_step 125) finished, time:0.535 second.
[32m[0913 05:58:30 @saver.py:79][0m Model saved to train_log/train/model-125.
[32m[0913 05:58:35 @monitor.py:467][0m QueueInput/queue_size: 50
[32m[0913 05:58:35 @monitor.py:467][0m decode_1/check_recon_mu: -0.011253
[32m[0913 05:58:35 @monitor.py:467][0m decode_1/check_recon_norm: 0.04956
[32m[0913 05:58:35 @monitor.py:467][0m decode_1/check_recon_std: 0.0039715
[32m[0913 05:58:35 @monitor.py:467][0m decode_1/log_likelihood_reconstructed: nan
[32m[0913 05:58:35 @monitor.py:467][0m decode_1/log_mse: -0.15096
[32m[0913 05:58:35 @monitor.py:467][0m decode_1/mse: 0.85988
[32m[0913 05:58:35 @monitor.py:467][0m encode_2/auto-corr-loss: -0.99327
[32m[0913 05:58:35 @monitor.py:467][0m encode_2/check_z_norm: 9.5564
[32m[0913 05:58:35 @monitor.py:467][0m encode_2/latent_loss: 0.00054677
[32m[0913 05:58:35 @monitor.py:467][0m predict_trend/accuracy_: 0.49924
[32m[0913 05:58:35 @monitor.py:467][0m total-loss: -0.44284
[32m[0913 05:58:35 @monitor.py:467][0m val_precision: 0.50275
[32m[0913 05:58:35 @monitor.py:467][0m val_recall: 0.50275
[32m[0913 05:58:35 @monitor.py:467][0m validation_predict_trend/accuracy_: 0.49715
[32m[0913 05:58:35 @group.py:48][0m Callbacks took 5.421 sec in total. InferenceRunner: 5.41 seconds
[32m[0913 05:58:35 @base.py:275][0m Start Epoch 26 ...
[32m[0913 05:58:36 @base.py:285][0m Epoch 26 (global_step 130) finished, time:0.538 second.
[32m[0913 05:58:36 @saver.py:79][0m Model saved to train_log/train/model-130.
[32m[0913 05:58:42 @monitor.py:467][0m QueueInput/queue_size: 50
[32m[0913 05:58:42 @monitor.py:467][0m decode_1/check_recon_mu: -0.0049209
[32m[0913 05:58:42 @monitor.py:467][0m decode_1/check_recon_norm: 0.048687
[32m[0913 05:58:42 @monitor.py:467][0m decode_1/check_recon_std: 0.003874
[32m[0913 05:58:42 @monitor.py:467][0m decode_1/log_likelihood_reconstructed: nan
[32m[0913 05:58:42 @monitor.py:467][0m decode_1/log_mse: -0.21299
[32m[0913 05:58:42 @monitor.py:467][0m decode_1/mse: 0.80817
[32m[0913 05:58:42 @monitor.py:467][0m encode_2/auto-corr-loss: -0.99356
[32m[0913 05:58:42 @monitor.py:467][0m encode_2/check_z_norm: 9.9996
[32m[0913 05:58:42 @monitor.py:467][0m encode_2/latent_loss: 0.00050043
[32m[0913 05:58:42 @monitor.py:467][0m predict_trend/accuracy_: 0.49977
[32m[0913 05:58:42 @monitor.py:467][0m total-loss: -0.50861
[32m[0913 05:58:42 @monitor.py:467][0m val_precision: 0.49232
[32m[0913 05:58:42 @monitor.py:467][0m val_recall: 0.49232
[32m[0913 05:58:42 @monitor.py:467][0m validation_predict_trend/accuracy_: 0.4971
[32m[0913 05:58:42 @group.py:48][0m Callbacks took 5.694 sec in total. InferenceRunner: 5.68 seconds
[32m[0913 05:58:42 @base.py:275][0m Start Epoch 27 ...
[32m[0913 05:58:42 @base.py:285][0m Epoch 27 (global_step 135) finished, time:0.605 second.
[32m[0913 05:58:42 @saver.py:79][0m Model saved to train_log/train/model-135.
[32m[0913 05:58:48 @monitor.py:467][0m QueueInput/queue_size: 50
[32m[0913 05:58:48 @monitor.py:467][0m decode_1/check_recon_mu: -0.00092678
[32m[0913 05:58:48 @monitor.py:467][0m decode_1/check_recon_norm: 0.047329
[32m[0913 05:58:48 @monitor.py:467][0m decode_1/check_recon_std: 0.0036871
[32m[0913 05:58:48 @monitor.py:467][0m decode_1/log_likelihood_reconstructed: nan
[32m[0913 05:58:48 @monitor.py:467][0m decode_1/log_mse: -0.19359
[32m[0913 05:58:48 @monitor.py:467][0m decode_1/mse: 0.82399
[32m[0913 05:58:48 @monitor.py:467][0m encode_2/auto-corr-loss: -0.99401
[32m[0913 05:58:48 @monitor.py:467][0m encode_2/check_z_norm: 10.407
[32m[0913 05:58:48 @monitor.py:467][0m encode_2/latent_loss: 0.00046531
[32m[0913 05:58:48 @monitor.py:467][0m predict_trend/accuracy_: 0.50046
[32m[0913 05:58:48 @monitor.py:467][0m total-loss: -0.49003
[32m[0913 05:58:48 @monitor.py:467][0m val_precision: 0.49238
[32m[0913 05:58:48 @monitor.py:467][0m val_recall: 0.49238
[32m[0913 05:58:48 @monitor.py:467][0m validation_predict_trend/accuracy_: 0.49693
[32m[0913 05:58:48 @group.py:48][0m Callbacks took 5.603 sec in total. InferenceRunner: 5.59 seconds
[32m[0913 05:58:48 @base.py:275][0m Start Epoch 28 ...
[32m[0913 05:58:48 @base.py:285][0m Epoch 28 (global_step 140) finished, time:0.556 second.
[32m[0913 05:58:48 @saver.py:79][0m Model saved to train_log/train/model-140.
[32m[0913 05:58:54 @monitor.py:467][0m QueueInput/queue_size: 50
[32m[0913 05:58:54 @monitor.py:467][0m decode_1/check_recon_mu: 0.0029346
[32m[0913 05:58:54 @monitor.py:467][0m decode_1/check_recon_norm: 0.047375
[32m[0913 05:58:54 @monitor.py:467][0m decode_1/check_recon_std: 0.0036903
[32m[0913 05:58:54 @monitor.py:467][0m decode_1/log_likelihood_reconstructed: nan
[32m[0913 05:58:54 @monitor.py:467][0m decode_1/log_mse: 0.012897
[32m[0913 05:58:54 @monitor.py:467][0m decode_1/mse: 1.013
[32m[0913 05:58:54 @monitor.py:467][0m encode_2/auto-corr-loss: -0.9943
[32m[0913 05:58:54 @monitor.py:467][0m encode_2/check_z_norm: 10.464
[32m[0913 05:58:54 @monitor.py:467][0m encode_2/latent_loss: 0.00043251
[32m[0913 05:58:54 @monitor.py:467][0m predict_trend/accuracy_: 0.50118
[32m[0913 05:58:54 @monitor.py:467][0m total-loss: -0.27438
[32m[0913 05:58:54 @monitor.py:467][0m val_precision: 0.49249
[32m[0913 05:58:54 @monitor.py:467][0m val_recall: 0.49249
[32m[0913 05:58:54 @monitor.py:467][0m validation_predict_trend/accuracy_: 0.49676
[32m[0913 05:58:54 @group.py:48][0m Callbacks took 5.538 sec in total. InferenceRunner: 5.53 seconds
[32m[0913 05:58:54 @base.py:275][0m Start Epoch 29 ...
[32m[0913 05:58:54 @base.py:285][0m Epoch 29 (global_step 145) finished, time:0.623 second.
[32m[0913 05:58:54 @saver.py:79][0m Model saved to train_log/train/model-145.
[32m[0913 05:59:00 @monitor.py:467][0m QueueInput/queue_size: 50
[32m[0913 05:59:00 @monitor.py:467][0m decode_1/check_recon_mu: 0.012473
[32m[0913 05:59:00 @monitor.py:467][0m decode_1/check_recon_norm: 0.04724
[32m[0913 05:59:00 @monitor.py:467][0m decode_1/check_recon_std: 0.0035645
[32m[0913 05:59:00 @monitor.py:467][0m decode_1/log_likelihood_reconstructed: nan
[32m[0913 05:59:00 @monitor.py:467][0m decode_1/log_mse: 0.24891
[32m[0913 05:59:00 @monitor.py:467][0m decode_1/mse: 1.2826
[32m[0913 05:59:00 @monitor.py:467][0m encode_2/auto-corr-loss: -0.99448
[32m[0913 05:59:00 @monitor.py:467][0m encode_2/check_z_norm: 10.328
[32m[0913 05:59:00 @monitor.py:467][0m encode_2/latent_loss: 0.00040755
[32m[0913 05:59:00 @monitor.py:467][0m predict_trend/accuracy_: 0.5016
[32m[0913 05:59:00 @monitor.py:467][0m total-loss: -0.017519
[32m[0913 05:59:00 @monitor.py:467][0m val_precision: 0.50275
[32m[0913 05:59:00 @monitor.py:467][0m val_recall: 0.50275
[32m[0913 05:59:00 @monitor.py:467][0m validation_predict_trend/accuracy_: 0.49685
[32m[0913 05:59:00 @group.py:48][0m Callbacks took 5.589 sec in total. InferenceRunner: 5.58 seconds
[32m[0913 05:59:00 @base.py:275][0m Start Epoch 30 ...
[32m[0913 05:59:01 @base.py:285][0m Epoch 30 (global_step 150) finished, time:0.55 second.
[32m[0913 05:59:01 @saver.py:79][0m Model saved to train_log/train/model-150.
[32m[0913 05:59:06 @monitor.py:467][0m QueueInput/queue_size: 50
[32m[0913 05:59:06 @monitor.py:467][0m decode_1/check_recon_mu: 0.0090554
[32m[0913 05:59:06 @monitor.py:467][0m decode_1/check_recon_norm: 0.046719
[32m[0913 05:59:06 @monitor.py:467][0m decode_1/check_recon_std: 0.0035111
[32m[0913 05:59:06 @monitor.py:467][0m decode_1/log_likelihood_reconstructed: nan
[32m[0913 05:59:06 @monitor.py:467][0m decode_1/log_mse: -0.21383
[32m[0913 05:59:06 @monitor.py:467][0m decode_1/mse: 0.80749
[32m[0913 05:59:06 @monitor.py:467][0m encode_2/auto-corr-loss: -0.99471
[32m[0913 05:59:06 @monitor.py:467][0m encode_2/check_z_norm: 10.328
[32m[0913 05:59:06 @monitor.py:467][0m encode_2/latent_loss: 0.00037414
[32m[0913 05:59:06 @monitor.py:467][0m predict_trend/accuracy_: 0.50194
[32m[0913 05:59:06 @monitor.py:467][0m total-loss: -0.51368
[32m[0913 05:59:06 @monitor.py:467][0m val_precision: 0.50267
[32m[0913 05:59:06 @monitor.py:467][0m val_recall: 0.50267
[32m[0913 05:59:06 @monitor.py:467][0m validation_predict_trend/accuracy_: 0.49704
[32m[0913 05:59:06 @group.py:48][0m Callbacks took 5.726 sec in total. InferenceRunner: 5.72 seconds
[32m[0913 05:59:06 @base.py:275][0m Start Epoch 31 ...
[32m[0913 05:59:07 @base.py:285][0m Epoch 31 (global_step 155) finished, time:0.559 second.
[32m[0913 05:59:07 @saver.py:79][0m Model saved to train_log/train/model-155.
[32m[0913 05:59:12 @base.py:293][0m Detected Ctrl-C and exiting main loop.
